[10.06.2024 11:58:37,010] [main] INFO  org.apache.spark.SparkContext  - Running Spark version 2.0.0
[10.06.2024 11:58:37,191] [main] ERROR org.apache.hadoop.conf.Configuration  - Failed to set setXIncludeAware(true) for parser org.apache.xerces.jaxp.DocumentBuilderFactoryImpl@4b29d1d2:java.lang.UnsupportedOperationException:  setXIncludeAware is not supported on this JAXP implementation or earlier: class org.apache.xerces.jaxp.DocumentBuilderFactoryImpl
java.lang.UnsupportedOperationException:  setXIncludeAware is not supported on this JAXP implementation or earlier: class org.apache.xerces.jaxp.DocumentBuilderFactoryImpl
	at java.xml/javax.xml.parsers.DocumentBuilderFactory.setXIncludeAware(DocumentBuilderFactory.java:639)
	at org.apache.hadoop.conf.Configuration.loadResource(Configuration.java:2032)
	at org.apache.hadoop.conf.Configuration.loadResources(Configuration.java:2001)
	at org.apache.hadoop.conf.Configuration.getProps(Configuration.java:1918)
	at org.apache.hadoop.conf.Configuration.get(Configuration.java:721)
	at org.apache.hadoop.conf.Configuration.getTrimmed(Configuration.java:740)
	at org.apache.hadoop.conf.Configuration.getBoolean(Configuration.java:1093)
	at org.apache.hadoop.security.SecurityUtil.<clinit>(SecurityUtil.java:80)
	at org.apache.hadoop.security.UserGroupInformation.initialize(UserGroupInformation.java:224)
	at org.apache.hadoop.security.UserGroupInformation.ensureInitialized(UserGroupInformation.java:214)
	at org.apache.hadoop.security.UserGroupInformation.getLoginUser(UserGroupInformation.java:669)
	at org.apache.hadoop.security.UserGroupInformation.getCurrentUser(UserGroupInformation.java:571)
	at org.apache.spark.util.Utils$$anonfun$getCurrentUserName$1.apply(Utils.scala:2245)
	at org.apache.spark.util.Utils$$anonfun$getCurrentUserName$1.apply(Utils.scala:2245)
	at scala.Option.getOrElse(Option.scala:120)
	at org.apache.spark.util.Utils$.getCurrentUserName(Utils.scala:2245)
	at org.apache.spark.SparkContext.<init>(SparkContext.scala:297)
	at org.apache.spark.api.java.JavaSparkContext.<init>(JavaSparkContext.scala:58)
	at com.ga_hadoop.TrafficLightOptimization.main(TrafficLightOptimization.java:22)
[10.06.2024 11:58:37,495] [main] ERROR org.apache.hadoop.conf.Configuration  - Failed to set setXIncludeAware(true) for parser org.apache.xerces.jaxp.DocumentBuilderFactoryImpl@6d7fc27:java.lang.UnsupportedOperationException:  setXIncludeAware is not supported on this JAXP implementation or earlier: class org.apache.xerces.jaxp.DocumentBuilderFactoryImpl
java.lang.UnsupportedOperationException:  setXIncludeAware is not supported on this JAXP implementation or earlier: class org.apache.xerces.jaxp.DocumentBuilderFactoryImpl
	at java.xml/javax.xml.parsers.DocumentBuilderFactory.setXIncludeAware(DocumentBuilderFactory.java:639)
	at org.apache.hadoop.conf.Configuration.loadResource(Configuration.java:2032)
	at org.apache.hadoop.conf.Configuration.loadResources(Configuration.java:2001)
	at org.apache.hadoop.conf.Configuration.getProps(Configuration.java:1918)
	at org.apache.hadoop.conf.Configuration.get(Configuration.java:721)
	at org.apache.hadoop.conf.Configuration.getTrimmed(Configuration.java:740)
	at org.apache.hadoop.conf.Configuration.getBoolean(Configuration.java:1093)
	at org.apache.hadoop.security.SecurityUtil.<clinit>(SecurityUtil.java:80)
	at org.apache.hadoop.security.UserGroupInformation.initialize(UserGroupInformation.java:224)
	at org.apache.hadoop.security.UserGroupInformation.ensureInitialized(UserGroupInformation.java:214)
	at org.apache.hadoop.security.UserGroupInformation.getLoginUser(UserGroupInformation.java:669)
	at org.apache.hadoop.security.UserGroupInformation.getCurrentUser(UserGroupInformation.java:571)
	at org.apache.spark.util.Utils$$anonfun$getCurrentUserName$1.apply(Utils.scala:2245)
	at org.apache.spark.util.Utils$$anonfun$getCurrentUserName$1.apply(Utils.scala:2245)
	at scala.Option.getOrElse(Option.scala:120)
	at org.apache.spark.util.Utils$.getCurrentUserName(Utils.scala:2245)
	at org.apache.spark.SparkContext.<init>(SparkContext.scala:297)
	at org.apache.spark.api.java.JavaSparkContext.<init>(JavaSparkContext.scala:58)
	at com.ga_hadoop.TrafficLightOptimization.main(TrafficLightOptimization.java:22)
[10.06.2024 11:58:37,504] [main] ERROR org.apache.hadoop.conf.Configuration  - Failed to set setXIncludeAware(true) for parser org.apache.xerces.jaxp.DocumentBuilderFactoryImpl@7cb502c:java.lang.UnsupportedOperationException:  setXIncludeAware is not supported on this JAXP implementation or earlier: class org.apache.xerces.jaxp.DocumentBuilderFactoryImpl
java.lang.UnsupportedOperationException:  setXIncludeAware is not supported on this JAXP implementation or earlier: class org.apache.xerces.jaxp.DocumentBuilderFactoryImpl
	at java.xml/javax.xml.parsers.DocumentBuilderFactory.setXIncludeAware(DocumentBuilderFactory.java:639)
	at org.apache.hadoop.conf.Configuration.loadResource(Configuration.java:2032)
	at org.apache.hadoop.conf.Configuration.loadResources(Configuration.java:2001)
	at org.apache.hadoop.conf.Configuration.getProps(Configuration.java:1918)
	at org.apache.hadoop.conf.Configuration.get(Configuration.java:721)
	at org.apache.hadoop.conf.Configuration.getTrimmed(Configuration.java:740)
	at org.apache.hadoop.conf.Configuration.getBoolean(Configuration.java:1093)
	at org.apache.hadoop.http.HttpConfig.<clinit>(HttpConfig.java:47)
	at org.apache.hadoop.security.SecurityUtil.<clinit>(SecurityUtil.java:84)
	at org.apache.hadoop.security.UserGroupInformation.initialize(UserGroupInformation.java:224)
	at org.apache.hadoop.security.UserGroupInformation.ensureInitialized(UserGroupInformation.java:214)
	at org.apache.hadoop.security.UserGroupInformation.getLoginUser(UserGroupInformation.java:669)
	at org.apache.hadoop.security.UserGroupInformation.getCurrentUser(UserGroupInformation.java:571)
	at org.apache.spark.util.Utils$$anonfun$getCurrentUserName$1.apply(Utils.scala:2245)
	at org.apache.spark.util.Utils$$anonfun$getCurrentUserName$1.apply(Utils.scala:2245)
	at scala.Option.getOrElse(Option.scala:120)
	at org.apache.spark.util.Utils$.getCurrentUserName(Utils.scala:2245)
	at org.apache.spark.SparkContext.<init>(SparkContext.scala:297)
	at org.apache.spark.api.java.JavaSparkContext.<init>(JavaSparkContext.scala:58)
	at com.ga_hadoop.TrafficLightOptimization.main(TrafficLightOptimization.java:22)
[10.06.2024 11:58:37,524] [main] ERROR org.apache.hadoop.conf.Configuration  - Failed to set setXIncludeAware(true) for parser org.apache.xerces.jaxp.DocumentBuilderFactoryImpl@2a225dd7:java.lang.UnsupportedOperationException:  setXIncludeAware is not supported on this JAXP implementation or earlier: class org.apache.xerces.jaxp.DocumentBuilderFactoryImpl
java.lang.UnsupportedOperationException:  setXIncludeAware is not supported on this JAXP implementation or earlier: class org.apache.xerces.jaxp.DocumentBuilderFactoryImpl
	at java.xml/javax.xml.parsers.DocumentBuilderFactory.setXIncludeAware(DocumentBuilderFactory.java:639)
	at org.apache.hadoop.conf.Configuration.loadResource(Configuration.java:2032)
	at org.apache.hadoop.conf.Configuration.loadResources(Configuration.java:2001)
	at org.apache.hadoop.conf.Configuration.getProps(Configuration.java:1918)
	at org.apache.hadoop.conf.Configuration.get(Configuration.java:721)
	at org.apache.hadoop.conf.Configuration.getTrimmed(Configuration.java:740)
	at org.apache.hadoop.conf.Configuration.getBoolean(Configuration.java:1093)
	at org.apache.hadoop.http.HttpConfig.<clinit>(HttpConfig.java:47)
	at org.apache.hadoop.security.SecurityUtil.<clinit>(SecurityUtil.java:84)
	at org.apache.hadoop.security.UserGroupInformation.initialize(UserGroupInformation.java:224)
	at org.apache.hadoop.security.UserGroupInformation.ensureInitialized(UserGroupInformation.java:214)
	at org.apache.hadoop.security.UserGroupInformation.getLoginUser(UserGroupInformation.java:669)
	at org.apache.hadoop.security.UserGroupInformation.getCurrentUser(UserGroupInformation.java:571)
	at org.apache.spark.util.Utils$$anonfun$getCurrentUserName$1.apply(Utils.scala:2245)
	at org.apache.spark.util.Utils$$anonfun$getCurrentUserName$1.apply(Utils.scala:2245)
	at scala.Option.getOrElse(Option.scala:120)
	at org.apache.spark.util.Utils$.getCurrentUserName(Utils.scala:2245)
	at org.apache.spark.SparkContext.<init>(SparkContext.scala:297)
	at org.apache.spark.api.java.JavaSparkContext.<init>(JavaSparkContext.scala:58)
	at com.ga_hadoop.TrafficLightOptimization.main(TrafficLightOptimization.java:22)
[10.06.2024 11:58:37,534] [main] ERROR org.apache.hadoop.conf.Configuration  - Failed to set setXIncludeAware(true) for parser org.apache.xerces.jaxp.DocumentBuilderFactoryImpl@28d18df5:java.lang.UnsupportedOperationException:  setXIncludeAware is not supported on this JAXP implementation or earlier: class org.apache.xerces.jaxp.DocumentBuilderFactoryImpl
java.lang.UnsupportedOperationException:  setXIncludeAware is not supported on this JAXP implementation or earlier: class org.apache.xerces.jaxp.DocumentBuilderFactoryImpl
	at java.xml/javax.xml.parsers.DocumentBuilderFactory.setXIncludeAware(DocumentBuilderFactory.java:639)
	at org.apache.hadoop.conf.Configuration.loadResource(Configuration.java:2032)
	at org.apache.hadoop.conf.Configuration.loadResources(Configuration.java:2001)
	at org.apache.hadoop.conf.Configuration.getProps(Configuration.java:1918)
	at org.apache.hadoop.conf.Configuration.get(Configuration.java:893)
	at org.apache.hadoop.security.SecurityUtil.getAuthenticationMethod(SecurityUtil.java:673)
	at org.apache.hadoop.security.UserGroupInformation.initialize(UserGroupInformation.java:224)
	at org.apache.hadoop.security.UserGroupInformation.ensureInitialized(UserGroupInformation.java:214)
	at org.apache.hadoop.security.UserGroupInformation.getLoginUser(UserGroupInformation.java:669)
	at org.apache.hadoop.security.UserGroupInformation.getCurrentUser(UserGroupInformation.java:571)
	at org.apache.spark.util.Utils$$anonfun$getCurrentUserName$1.apply(Utils.scala:2245)
	at org.apache.spark.util.Utils$$anonfun$getCurrentUserName$1.apply(Utils.scala:2245)
	at scala.Option.getOrElse(Option.scala:120)
	at org.apache.spark.util.Utils$.getCurrentUserName(Utils.scala:2245)
	at org.apache.spark.SparkContext.<init>(SparkContext.scala:297)
	at org.apache.spark.api.java.JavaSparkContext.<init>(JavaSparkContext.scala:58)
	at com.ga_hadoop.TrafficLightOptimization.main(TrafficLightOptimization.java:22)
[10.06.2024 11:58:37,569] [main] ERROR org.apache.hadoop.conf.Configuration  - Failed to set setXIncludeAware(true) for parser org.apache.xerces.jaxp.DocumentBuilderFactoryImpl@1ae8bcbc:java.lang.UnsupportedOperationException:  setXIncludeAware is not supported on this JAXP implementation or earlier: class org.apache.xerces.jaxp.DocumentBuilderFactoryImpl
java.lang.UnsupportedOperationException:  setXIncludeAware is not supported on this JAXP implementation or earlier: class org.apache.xerces.jaxp.DocumentBuilderFactoryImpl
	at java.xml/javax.xml.parsers.DocumentBuilderFactory.setXIncludeAware(DocumentBuilderFactory.java:639)
	at org.apache.hadoop.conf.Configuration.loadResource(Configuration.java:2032)
	at org.apache.hadoop.conf.Configuration.loadResources(Configuration.java:2001)
	at org.apache.hadoop.conf.Configuration.getProps(Configuration.java:1918)
	at org.apache.hadoop.conf.Configuration.get(Configuration.java:893)
	at org.apache.hadoop.security.SecurityUtil.getAuthenticationMethod(SecurityUtil.java:673)
	at org.apache.hadoop.security.UserGroupInformation.initialize(UserGroupInformation.java:224)
	at org.apache.hadoop.security.UserGroupInformation.ensureInitialized(UserGroupInformation.java:214)
	at org.apache.hadoop.security.UserGroupInformation.getLoginUser(UserGroupInformation.java:669)
	at org.apache.hadoop.security.UserGroupInformation.getCurrentUser(UserGroupInformation.java:571)
	at org.apache.spark.util.Utils$$anonfun$getCurrentUserName$1.apply(Utils.scala:2245)
	at org.apache.spark.util.Utils$$anonfun$getCurrentUserName$1.apply(Utils.scala:2245)
	at scala.Option.getOrElse(Option.scala:120)
	at org.apache.spark.util.Utils$.getCurrentUserName(Utils.scala:2245)
	at org.apache.spark.SparkContext.<init>(SparkContext.scala:297)
	at org.apache.spark.api.java.JavaSparkContext.<init>(JavaSparkContext.scala:58)
	at com.ga_hadoop.TrafficLightOptimization.main(TrafficLightOptimization.java:22)
[10.06.2024 11:58:37,651] [main] WARN  org.apache.hadoop.util.NativeCodeLoader  - Unable to load native-hadoop library for your platform... using builtin-java classes where applicable
[10.06.2024 11:58:37,677] [main] ERROR org.apache.hadoop.conf.Configuration  - Failed to set setXIncludeAware(true) for parser org.apache.xerces.jaxp.DocumentBuilderFactoryImpl@768fc0f2:java.lang.UnsupportedOperationException:  setXIncludeAware is not supported on this JAXP implementation or earlier: class org.apache.xerces.jaxp.DocumentBuilderFactoryImpl
java.lang.UnsupportedOperationException:  setXIncludeAware is not supported on this JAXP implementation or earlier: class org.apache.xerces.jaxp.DocumentBuilderFactoryImpl
	at java.xml/javax.xml.parsers.DocumentBuilderFactory.setXIncludeAware(DocumentBuilderFactory.java:639)
	at org.apache.hadoop.conf.Configuration.loadResource(Configuration.java:2032)
	at org.apache.hadoop.conf.Configuration.loadResources(Configuration.java:2001)
	at org.apache.hadoop.conf.Configuration.getProps(Configuration.java:1918)
	at org.apache.hadoop.conf.Configuration.get(Configuration.java:721)
	at org.apache.hadoop.conf.Configuration.getTrimmed(Configuration.java:740)
	at org.apache.hadoop.conf.Configuration.getLong(Configuration.java:965)
	at org.apache.hadoop.security.Groups.<init>(Groups.java:62)
	at org.apache.hadoop.security.Groups.getUserToGroupsMappingService(Groups.java:182)
	at org.apache.hadoop.security.UserGroupInformation.initialize(UserGroupInformation.java:235)
	at org.apache.hadoop.security.UserGroupInformation.ensureInitialized(UserGroupInformation.java:214)
	at org.apache.hadoop.security.UserGroupInformation.getLoginUser(UserGroupInformation.java:669)
	at org.apache.hadoop.security.UserGroupInformation.getCurrentUser(UserGroupInformation.java:571)
	at org.apache.spark.util.Utils$$anonfun$getCurrentUserName$1.apply(Utils.scala:2245)
	at org.apache.spark.util.Utils$$anonfun$getCurrentUserName$1.apply(Utils.scala:2245)
	at scala.Option.getOrElse(Option.scala:120)
	at org.apache.spark.util.Utils$.getCurrentUserName(Utils.scala:2245)
	at org.apache.spark.SparkContext.<init>(SparkContext.scala:297)
	at org.apache.spark.api.java.JavaSparkContext.<init>(JavaSparkContext.scala:58)
	at com.ga_hadoop.TrafficLightOptimization.main(TrafficLightOptimization.java:22)
[10.06.2024 11:58:37,703] [main] ERROR org.apache.hadoop.conf.Configuration  - Failed to set setXIncludeAware(true) for parser org.apache.xerces.jaxp.DocumentBuilderFactoryImpl@3af0a9da:java.lang.UnsupportedOperationException:  setXIncludeAware is not supported on this JAXP implementation or earlier: class org.apache.xerces.jaxp.DocumentBuilderFactoryImpl
java.lang.UnsupportedOperationException:  setXIncludeAware is not supported on this JAXP implementation or earlier: class org.apache.xerces.jaxp.DocumentBuilderFactoryImpl
	at java.xml/javax.xml.parsers.DocumentBuilderFactory.setXIncludeAware(DocumentBuilderFactory.java:639)
	at org.apache.hadoop.conf.Configuration.loadResource(Configuration.java:2032)
	at org.apache.hadoop.conf.Configuration.loadResources(Configuration.java:2001)
	at org.apache.hadoop.conf.Configuration.getProps(Configuration.java:1918)
	at org.apache.hadoop.conf.Configuration.get(Configuration.java:721)
	at org.apache.hadoop.conf.Configuration.getTrimmed(Configuration.java:740)
	at org.apache.hadoop.conf.Configuration.getLong(Configuration.java:965)
	at org.apache.hadoop.security.Groups.<init>(Groups.java:62)
	at org.apache.hadoop.security.Groups.getUserToGroupsMappingService(Groups.java:182)
	at org.apache.hadoop.security.UserGroupInformation.initialize(UserGroupInformation.java:235)
	at org.apache.hadoop.security.UserGroupInformation.ensureInitialized(UserGroupInformation.java:214)
	at org.apache.hadoop.security.UserGroupInformation.getLoginUser(UserGroupInformation.java:669)
	at org.apache.hadoop.security.UserGroupInformation.getCurrentUser(UserGroupInformation.java:571)
	at org.apache.spark.util.Utils$$anonfun$getCurrentUserName$1.apply(Utils.scala:2245)
	at org.apache.spark.util.Utils$$anonfun$getCurrentUserName$1.apply(Utils.scala:2245)
	at scala.Option.getOrElse(Option.scala:120)
	at org.apache.spark.util.Utils$.getCurrentUserName(Utils.scala:2245)
	at org.apache.spark.SparkContext.<init>(SparkContext.scala:297)
	at org.apache.spark.api.java.JavaSparkContext.<init>(JavaSparkContext.scala:58)
	at com.ga_hadoop.TrafficLightOptimization.main(TrafficLightOptimization.java:22)
[10.06.2024 11:58:37,712] [main] ERROR org.apache.hadoop.conf.Configuration  - Failed to set setXIncludeAware(true) for parser org.apache.xerces.jaxp.DocumentBuilderFactoryImpl@20ca951f:java.lang.UnsupportedOperationException:  setXIncludeAware is not supported on this JAXP implementation or earlier: class org.apache.xerces.jaxp.DocumentBuilderFactoryImpl
java.lang.UnsupportedOperationException:  setXIncludeAware is not supported on this JAXP implementation or earlier: class org.apache.xerces.jaxp.DocumentBuilderFactoryImpl
	at java.xml/javax.xml.parsers.DocumentBuilderFactory.setXIncludeAware(DocumentBuilderFactory.java:639)
	at org.apache.hadoop.conf.Configuration.loadResource(Configuration.java:2032)
	at org.apache.hadoop.conf.Configuration.loadResources(Configuration.java:2001)
	at org.apache.hadoop.conf.Configuration.getProps(Configuration.java:1918)
	at org.apache.hadoop.conf.Configuration.get(Configuration.java:721)
	at org.apache.hadoop.conf.Configuration.getTrimmed(Configuration.java:740)
	at org.apache.hadoop.conf.Configuration.getLong(Configuration.java:965)
	at org.apache.hadoop.security.Groups.<init>(Groups.java:62)
	at org.apache.hadoop.security.Groups.getUserToGroupsMappingService(Groups.java:182)
	at org.apache.hadoop.security.UserGroupInformation.initialize(UserGroupInformation.java:235)
	at org.apache.hadoop.security.UserGroupInformation.ensureInitialized(UserGroupInformation.java:214)
	at org.apache.hadoop.security.UserGroupInformation.getLoginUser(UserGroupInformation.java:669)
	at org.apache.hadoop.security.UserGroupInformation.getCurrentUser(UserGroupInformation.java:571)
	at org.apache.spark.util.Utils$$anonfun$getCurrentUserName$1.apply(Utils.scala:2245)
	at org.apache.spark.util.Utils$$anonfun$getCurrentUserName$1.apply(Utils.scala:2245)
	at scala.Option.getOrElse(Option.scala:120)
	at org.apache.spark.util.Utils$.getCurrentUserName(Utils.scala:2245)
	at org.apache.spark.SparkContext.<init>(SparkContext.scala:297)
	at org.apache.spark.api.java.JavaSparkContext.<init>(JavaSparkContext.scala:58)
	at com.ga_hadoop.TrafficLightOptimization.main(TrafficLightOptimization.java:22)
[10.06.2024 11:58:37,736] [main] ERROR org.apache.hadoop.conf.Configuration  - Failed to set setXIncludeAware(true) for parser org.apache.xerces.jaxp.DocumentBuilderFactoryImpl@1e44b638:java.lang.UnsupportedOperationException:  setXIncludeAware is not supported on this JAXP implementation or earlier: class org.apache.xerces.jaxp.DocumentBuilderFactoryImpl
java.lang.UnsupportedOperationException:  setXIncludeAware is not supported on this JAXP implementation or earlier: class org.apache.xerces.jaxp.DocumentBuilderFactoryImpl
	at java.xml/javax.xml.parsers.DocumentBuilderFactory.setXIncludeAware(DocumentBuilderFactory.java:639)
	at org.apache.hadoop.conf.Configuration.loadResource(Configuration.java:2032)
	at org.apache.hadoop.conf.Configuration.loadResources(Configuration.java:2001)
	at org.apache.hadoop.conf.Configuration.getProps(Configuration.java:1918)
	at org.apache.hadoop.conf.Configuration.get(Configuration.java:721)
	at org.apache.hadoop.conf.Configuration.getTrimmed(Configuration.java:740)
	at org.apache.hadoop.conf.Configuration.getLong(Configuration.java:965)
	at org.apache.hadoop.security.Groups.<init>(Groups.java:62)
	at org.apache.hadoop.security.Groups.getUserToGroupsMappingService(Groups.java:182)
	at org.apache.hadoop.security.UserGroupInformation.initialize(UserGroupInformation.java:235)
	at org.apache.hadoop.security.UserGroupInformation.ensureInitialized(UserGroupInformation.java:214)
	at org.apache.hadoop.security.UserGroupInformation.getLoginUser(UserGroupInformation.java:669)
	at org.apache.hadoop.security.UserGroupInformation.getCurrentUser(UserGroupInformation.java:571)
	at org.apache.spark.util.Utils$$anonfun$getCurrentUserName$1.apply(Utils.scala:2245)
	at org.apache.spark.util.Utils$$anonfun$getCurrentUserName$1.apply(Utils.scala:2245)
	at scala.Option.getOrElse(Option.scala:120)
	at org.apache.spark.util.Utils$.getCurrentUserName(Utils.scala:2245)
	at org.apache.spark.SparkContext.<init>(SparkContext.scala:297)
	at org.apache.spark.api.java.JavaSparkContext.<init>(JavaSparkContext.scala:58)
	at com.ga_hadoop.TrafficLightOptimization.main(TrafficLightOptimization.java:22)
[10.06.2024 11:58:37,743] [main] ERROR org.apache.hadoop.conf.Configuration  - Failed to set setXIncludeAware(true) for parser org.apache.xerces.jaxp.DocumentBuilderFactoryImpl@345f69f3:java.lang.UnsupportedOperationException:  setXIncludeAware is not supported on this JAXP implementation or earlier: class org.apache.xerces.jaxp.DocumentBuilderFactoryImpl
java.lang.UnsupportedOperationException:  setXIncludeAware is not supported on this JAXP implementation or earlier: class org.apache.xerces.jaxp.DocumentBuilderFactoryImpl
	at java.xml/javax.xml.parsers.DocumentBuilderFactory.setXIncludeAware(DocumentBuilderFactory.java:639)
	at org.apache.hadoop.conf.Configuration.loadResource(Configuration.java:2032)
	at org.apache.hadoop.conf.Configuration.loadResources(Configuration.java:2001)
	at org.apache.hadoop.conf.Configuration.getProps(Configuration.java:1918)
	at org.apache.hadoop.conf.Configuration.get(Configuration.java:721)
	at org.apache.hadoop.conf.Configuration.getTrimmed(Configuration.java:740)
	at org.apache.hadoop.conf.Configuration.getLong(Configuration.java:965)
	at org.apache.hadoop.security.Groups.<init>(Groups.java:62)
	at org.apache.hadoop.security.Groups.getUserToGroupsMappingService(Groups.java:182)
	at org.apache.hadoop.security.UserGroupInformation.initialize(UserGroupInformation.java:235)
	at org.apache.hadoop.security.UserGroupInformation.ensureInitialized(UserGroupInformation.java:214)
	at org.apache.hadoop.security.UserGroupInformation.getLoginUser(UserGroupInformation.java:669)
	at org.apache.hadoop.security.UserGroupInformation.getCurrentUser(UserGroupInformation.java:571)
	at org.apache.spark.util.Utils$$anonfun$getCurrentUserName$1.apply(Utils.scala:2245)
	at org.apache.spark.util.Utils$$anonfun$getCurrentUserName$1.apply(Utils.scala:2245)
	at scala.Option.getOrElse(Option.scala:120)
	at org.apache.spark.util.Utils$.getCurrentUserName(Utils.scala:2245)
	at org.apache.spark.SparkContext.<init>(SparkContext.scala:297)
	at org.apache.spark.api.java.JavaSparkContext.<init>(JavaSparkContext.scala:58)
	at com.ga_hadoop.TrafficLightOptimization.main(TrafficLightOptimization.java:22)
[10.06.2024 11:58:37,773] [main] ERROR org.apache.hadoop.conf.Configuration  - Failed to set setXIncludeAware(true) for parser org.apache.xerces.jaxp.DocumentBuilderFactoryImpl@6bc407fd:java.lang.UnsupportedOperationException:  setXIncludeAware is not supported on this JAXP implementation or earlier: class org.apache.xerces.jaxp.DocumentBuilderFactoryImpl
java.lang.UnsupportedOperationException:  setXIncludeAware is not supported on this JAXP implementation or earlier: class org.apache.xerces.jaxp.DocumentBuilderFactoryImpl
	at java.xml/javax.xml.parsers.DocumentBuilderFactory.setXIncludeAware(DocumentBuilderFactory.java:639)
	at org.apache.hadoop.conf.Configuration.loadResource(Configuration.java:2032)
	at org.apache.hadoop.conf.Configuration.loadResources(Configuration.java:2001)
	at org.apache.hadoop.conf.Configuration.getProps(Configuration.java:1918)
	at org.apache.hadoop.conf.Configuration.get(Configuration.java:721)
	at org.apache.hadoop.conf.Configuration.getTrimmed(Configuration.java:740)
	at org.apache.hadoop.conf.Configuration.getLong(Configuration.java:965)
	at org.apache.hadoop.security.Groups.<init>(Groups.java:62)
	at org.apache.hadoop.security.Groups.getUserToGroupsMappingService(Groups.java:182)
	at org.apache.hadoop.security.UserGroupInformation.initialize(UserGroupInformation.java:235)
	at org.apache.hadoop.security.UserGroupInformation.ensureInitialized(UserGroupInformation.java:214)
	at org.apache.hadoop.security.UserGroupInformation.getLoginUser(UserGroupInformation.java:669)
	at org.apache.hadoop.security.UserGroupInformation.getCurrentUser(UserGroupInformation.java:571)
	at org.apache.spark.util.Utils$$anonfun$getCurrentUserName$1.apply(Utils.scala:2245)
	at org.apache.spark.util.Utils$$anonfun$getCurrentUserName$1.apply(Utils.scala:2245)
	at scala.Option.getOrElse(Option.scala:120)
	at org.apache.spark.util.Utils$.getCurrentUserName(Utils.scala:2245)
	at org.apache.spark.SparkContext.<init>(SparkContext.scala:297)
	at org.apache.spark.api.java.JavaSparkContext.<init>(JavaSparkContext.scala:58)
	at com.ga_hadoop.TrafficLightOptimization.main(TrafficLightOptimization.java:22)
[10.06.2024 11:58:37,856] [main] ERROR org.apache.spark.SparkContext  - Error initializing SparkContext.
org.apache.spark.SparkException: A master URL must be set in your configuration
	at org.apache.spark.SparkContext.<init>(SparkContext.scala:371)
	at org.apache.spark.api.java.JavaSparkContext.<init>(JavaSparkContext.scala:58)
	at com.ga_hadoop.TrafficLightOptimization.main(TrafficLightOptimization.java:22)
[10.06.2024 11:58:37,864] [main] INFO  org.apache.spark.SparkContext  - Successfully stopped SparkContext
[10.06.2024 11:59:33,103] [main] INFO  org.apache.spark.SparkContext  - Running Spark version 2.0.0
[10.06.2024 11:59:33,233] [main] ERROR org.apache.hadoop.conf.Configuration  - Failed to set setXIncludeAware(true) for parser org.apache.xerces.jaxp.DocumentBuilderFactoryImpl@28261e8e:java.lang.UnsupportedOperationException:  setXIncludeAware is not supported on this JAXP implementation or earlier: class org.apache.xerces.jaxp.DocumentBuilderFactoryImpl
java.lang.UnsupportedOperationException:  setXIncludeAware is not supported on this JAXP implementation or earlier: class org.apache.xerces.jaxp.DocumentBuilderFactoryImpl
	at java.xml/javax.xml.parsers.DocumentBuilderFactory.setXIncludeAware(DocumentBuilderFactory.java:639)
	at org.apache.hadoop.conf.Configuration.loadResource(Configuration.java:2032)
	at org.apache.hadoop.conf.Configuration.loadResources(Configuration.java:2001)
	at org.apache.hadoop.conf.Configuration.getProps(Configuration.java:1918)
	at org.apache.hadoop.conf.Configuration.get(Configuration.java:721)
	at org.apache.hadoop.conf.Configuration.getTrimmed(Configuration.java:740)
	at org.apache.hadoop.conf.Configuration.getBoolean(Configuration.java:1093)
	at org.apache.hadoop.security.SecurityUtil.<clinit>(SecurityUtil.java:80)
	at org.apache.hadoop.security.UserGroupInformation.initialize(UserGroupInformation.java:224)
	at org.apache.hadoop.security.UserGroupInformation.ensureInitialized(UserGroupInformation.java:214)
	at org.apache.hadoop.security.UserGroupInformation.getLoginUser(UserGroupInformation.java:669)
	at org.apache.hadoop.security.UserGroupInformation.getCurrentUser(UserGroupInformation.java:571)
	at org.apache.spark.util.Utils$$anonfun$getCurrentUserName$1.apply(Utils.scala:2245)
	at org.apache.spark.util.Utils$$anonfun$getCurrentUserName$1.apply(Utils.scala:2245)
	at scala.Option.getOrElse(Option.scala:120)
	at org.apache.spark.util.Utils$.getCurrentUserName(Utils.scala:2245)
	at org.apache.spark.SparkContext.<init>(SparkContext.scala:297)
	at org.apache.spark.api.java.JavaSparkContext.<init>(JavaSparkContext.scala:58)
	at com.ga_hadoop.TrafficLightOptimization.main(TrafficLightOptimization.java:22)
[10.06.2024 11:59:33,362] [main] ERROR org.apache.hadoop.conf.Configuration  - Failed to set setXIncludeAware(true) for parser org.apache.xerces.jaxp.DocumentBuilderFactoryImpl@135606db:java.lang.UnsupportedOperationException:  setXIncludeAware is not supported on this JAXP implementation or earlier: class org.apache.xerces.jaxp.DocumentBuilderFactoryImpl
java.lang.UnsupportedOperationException:  setXIncludeAware is not supported on this JAXP implementation or earlier: class org.apache.xerces.jaxp.DocumentBuilderFactoryImpl
	at java.xml/javax.xml.parsers.DocumentBuilderFactory.setXIncludeAware(DocumentBuilderFactory.java:639)
	at org.apache.hadoop.conf.Configuration.loadResource(Configuration.java:2032)
	at org.apache.hadoop.conf.Configuration.loadResources(Configuration.java:2001)
	at org.apache.hadoop.conf.Configuration.getProps(Configuration.java:1918)
	at org.apache.hadoop.conf.Configuration.get(Configuration.java:721)
	at org.apache.hadoop.conf.Configuration.getTrimmed(Configuration.java:740)
	at org.apache.hadoop.conf.Configuration.getBoolean(Configuration.java:1093)
	at org.apache.hadoop.security.SecurityUtil.<clinit>(SecurityUtil.java:80)
	at org.apache.hadoop.security.UserGroupInformation.initialize(UserGroupInformation.java:224)
	at org.apache.hadoop.security.UserGroupInformation.ensureInitialized(UserGroupInformation.java:214)
	at org.apache.hadoop.security.UserGroupInformation.getLoginUser(UserGroupInformation.java:669)
	at org.apache.hadoop.security.UserGroupInformation.getCurrentUser(UserGroupInformation.java:571)
	at org.apache.spark.util.Utils$$anonfun$getCurrentUserName$1.apply(Utils.scala:2245)
	at org.apache.spark.util.Utils$$anonfun$getCurrentUserName$1.apply(Utils.scala:2245)
	at scala.Option.getOrElse(Option.scala:120)
	at org.apache.spark.util.Utils$.getCurrentUserName(Utils.scala:2245)
	at org.apache.spark.SparkContext.<init>(SparkContext.scala:297)
	at org.apache.spark.api.java.JavaSparkContext.<init>(JavaSparkContext.scala:58)
	at com.ga_hadoop.TrafficLightOptimization.main(TrafficLightOptimization.java:22)
[10.06.2024 11:59:33,368] [main] ERROR org.apache.hadoop.conf.Configuration  - Failed to set setXIncludeAware(true) for parser org.apache.xerces.jaxp.DocumentBuilderFactoryImpl@1b8a29df:java.lang.UnsupportedOperationException:  setXIncludeAware is not supported on this JAXP implementation or earlier: class org.apache.xerces.jaxp.DocumentBuilderFactoryImpl
java.lang.UnsupportedOperationException:  setXIncludeAware is not supported on this JAXP implementation or earlier: class org.apache.xerces.jaxp.DocumentBuilderFactoryImpl
	at java.xml/javax.xml.parsers.DocumentBuilderFactory.setXIncludeAware(DocumentBuilderFactory.java:639)
	at org.apache.hadoop.conf.Configuration.loadResource(Configuration.java:2032)
	at org.apache.hadoop.conf.Configuration.loadResources(Configuration.java:2001)
	at org.apache.hadoop.conf.Configuration.getProps(Configuration.java:1918)
	at org.apache.hadoop.conf.Configuration.get(Configuration.java:721)
	at org.apache.hadoop.conf.Configuration.getTrimmed(Configuration.java:740)
	at org.apache.hadoop.conf.Configuration.getBoolean(Configuration.java:1093)
	at org.apache.hadoop.http.HttpConfig.<clinit>(HttpConfig.java:47)
	at org.apache.hadoop.security.SecurityUtil.<clinit>(SecurityUtil.java:84)
	at org.apache.hadoop.security.UserGroupInformation.initialize(UserGroupInformation.java:224)
	at org.apache.hadoop.security.UserGroupInformation.ensureInitialized(UserGroupInformation.java:214)
	at org.apache.hadoop.security.UserGroupInformation.getLoginUser(UserGroupInformation.java:669)
	at org.apache.hadoop.security.UserGroupInformation.getCurrentUser(UserGroupInformation.java:571)
	at org.apache.spark.util.Utils$$anonfun$getCurrentUserName$1.apply(Utils.scala:2245)
	at org.apache.spark.util.Utils$$anonfun$getCurrentUserName$1.apply(Utils.scala:2245)
	at scala.Option.getOrElse(Option.scala:120)
	at org.apache.spark.util.Utils$.getCurrentUserName(Utils.scala:2245)
	at org.apache.spark.SparkContext.<init>(SparkContext.scala:297)
	at org.apache.spark.api.java.JavaSparkContext.<init>(JavaSparkContext.scala:58)
	at com.ga_hadoop.TrafficLightOptimization.main(TrafficLightOptimization.java:22)
[10.06.2024 11:59:33,381] [main] ERROR org.apache.hadoop.conf.Configuration  - Failed to set setXIncludeAware(true) for parser org.apache.xerces.jaxp.DocumentBuilderFactoryImpl@125290e5:java.lang.UnsupportedOperationException:  setXIncludeAware is not supported on this JAXP implementation or earlier: class org.apache.xerces.jaxp.DocumentBuilderFactoryImpl
java.lang.UnsupportedOperationException:  setXIncludeAware is not supported on this JAXP implementation or earlier: class org.apache.xerces.jaxp.DocumentBuilderFactoryImpl
	at java.xml/javax.xml.parsers.DocumentBuilderFactory.setXIncludeAware(DocumentBuilderFactory.java:639)
	at org.apache.hadoop.conf.Configuration.loadResource(Configuration.java:2032)
	at org.apache.hadoop.conf.Configuration.loadResources(Configuration.java:2001)
	at org.apache.hadoop.conf.Configuration.getProps(Configuration.java:1918)
	at org.apache.hadoop.conf.Configuration.get(Configuration.java:721)
	at org.apache.hadoop.conf.Configuration.getTrimmed(Configuration.java:740)
	at org.apache.hadoop.conf.Configuration.getBoolean(Configuration.java:1093)
	at org.apache.hadoop.http.HttpConfig.<clinit>(HttpConfig.java:47)
	at org.apache.hadoop.security.SecurityUtil.<clinit>(SecurityUtil.java:84)
	at org.apache.hadoop.security.UserGroupInformation.initialize(UserGroupInformation.java:224)
	at org.apache.hadoop.security.UserGroupInformation.ensureInitialized(UserGroupInformation.java:214)
	at org.apache.hadoop.security.UserGroupInformation.getLoginUser(UserGroupInformation.java:669)
	at org.apache.hadoop.security.UserGroupInformation.getCurrentUser(UserGroupInformation.java:571)
	at org.apache.spark.util.Utils$$anonfun$getCurrentUserName$1.apply(Utils.scala:2245)
	at org.apache.spark.util.Utils$$anonfun$getCurrentUserName$1.apply(Utils.scala:2245)
	at scala.Option.getOrElse(Option.scala:120)
	at org.apache.spark.util.Utils$.getCurrentUserName(Utils.scala:2245)
	at org.apache.spark.SparkContext.<init>(SparkContext.scala:297)
	at org.apache.spark.api.java.JavaSparkContext.<init>(JavaSparkContext.scala:58)
	at com.ga_hadoop.TrafficLightOptimization.main(TrafficLightOptimization.java:22)
[10.06.2024 11:59:33,388] [main] ERROR org.apache.hadoop.conf.Configuration  - Failed to set setXIncludeAware(true) for parser org.apache.xerces.jaxp.DocumentBuilderFactoryImpl@55cf0d14:java.lang.UnsupportedOperationException:  setXIncludeAware is not supported on this JAXP implementation or earlier: class org.apache.xerces.jaxp.DocumentBuilderFactoryImpl
java.lang.UnsupportedOperationException:  setXIncludeAware is not supported on this JAXP implementation or earlier: class org.apache.xerces.jaxp.DocumentBuilderFactoryImpl
	at java.xml/javax.xml.parsers.DocumentBuilderFactory.setXIncludeAware(DocumentBuilderFactory.java:639)
	at org.apache.hadoop.conf.Configuration.loadResource(Configuration.java:2032)
	at org.apache.hadoop.conf.Configuration.loadResources(Configuration.java:2001)
	at org.apache.hadoop.conf.Configuration.getProps(Configuration.java:1918)
	at org.apache.hadoop.conf.Configuration.get(Configuration.java:893)
	at org.apache.hadoop.security.SecurityUtil.getAuthenticationMethod(SecurityUtil.java:673)
	at org.apache.hadoop.security.UserGroupInformation.initialize(UserGroupInformation.java:224)
	at org.apache.hadoop.security.UserGroupInformation.ensureInitialized(UserGroupInformation.java:214)
	at org.apache.hadoop.security.UserGroupInformation.getLoginUser(UserGroupInformation.java:669)
	at org.apache.hadoop.security.UserGroupInformation.getCurrentUser(UserGroupInformation.java:571)
	at org.apache.spark.util.Utils$$anonfun$getCurrentUserName$1.apply(Utils.scala:2245)
	at org.apache.spark.util.Utils$$anonfun$getCurrentUserName$1.apply(Utils.scala:2245)
	at scala.Option.getOrElse(Option.scala:120)
	at org.apache.spark.util.Utils$.getCurrentUserName(Utils.scala:2245)
	at org.apache.spark.SparkContext.<init>(SparkContext.scala:297)
	at org.apache.spark.api.java.JavaSparkContext.<init>(JavaSparkContext.scala:58)
	at com.ga_hadoop.TrafficLightOptimization.main(TrafficLightOptimization.java:22)
[10.06.2024 11:59:33,404] [main] ERROR org.apache.hadoop.conf.Configuration  - Failed to set setXIncludeAware(true) for parser org.apache.xerces.jaxp.DocumentBuilderFactoryImpl@7d3d101b:java.lang.UnsupportedOperationException:  setXIncludeAware is not supported on this JAXP implementation or earlier: class org.apache.xerces.jaxp.DocumentBuilderFactoryImpl
java.lang.UnsupportedOperationException:  setXIncludeAware is not supported on this JAXP implementation or earlier: class org.apache.xerces.jaxp.DocumentBuilderFactoryImpl
	at java.xml/javax.xml.parsers.DocumentBuilderFactory.setXIncludeAware(DocumentBuilderFactory.java:639)
	at org.apache.hadoop.conf.Configuration.loadResource(Configuration.java:2032)
	at org.apache.hadoop.conf.Configuration.loadResources(Configuration.java:2001)
	at org.apache.hadoop.conf.Configuration.getProps(Configuration.java:1918)
	at org.apache.hadoop.conf.Configuration.get(Configuration.java:893)
	at org.apache.hadoop.security.SecurityUtil.getAuthenticationMethod(SecurityUtil.java:673)
	at org.apache.hadoop.security.UserGroupInformation.initialize(UserGroupInformation.java:224)
	at org.apache.hadoop.security.UserGroupInformation.ensureInitialized(UserGroupInformation.java:214)
	at org.apache.hadoop.security.UserGroupInformation.getLoginUser(UserGroupInformation.java:669)
	at org.apache.hadoop.security.UserGroupInformation.getCurrentUser(UserGroupInformation.java:571)
	at org.apache.spark.util.Utils$$anonfun$getCurrentUserName$1.apply(Utils.scala:2245)
	at org.apache.spark.util.Utils$$anonfun$getCurrentUserName$1.apply(Utils.scala:2245)
	at scala.Option.getOrElse(Option.scala:120)
	at org.apache.spark.util.Utils$.getCurrentUserName(Utils.scala:2245)
	at org.apache.spark.SparkContext.<init>(SparkContext.scala:297)
	at org.apache.spark.api.java.JavaSparkContext.<init>(JavaSparkContext.scala:58)
	at com.ga_hadoop.TrafficLightOptimization.main(TrafficLightOptimization.java:22)
[10.06.2024 11:59:33,423] [main] WARN  org.apache.hadoop.util.NativeCodeLoader  - Unable to load native-hadoop library for your platform... using builtin-java classes where applicable
[10.06.2024 11:59:33,443] [main] ERROR org.apache.hadoop.conf.Configuration  - Failed to set setXIncludeAware(true) for parser org.apache.xerces.jaxp.DocumentBuilderFactoryImpl@20c0a64d:java.lang.UnsupportedOperationException:  setXIncludeAware is not supported on this JAXP implementation or earlier: class org.apache.xerces.jaxp.DocumentBuilderFactoryImpl
java.lang.UnsupportedOperationException:  setXIncludeAware is not supported on this JAXP implementation or earlier: class org.apache.xerces.jaxp.DocumentBuilderFactoryImpl
	at java.xml/javax.xml.parsers.DocumentBuilderFactory.setXIncludeAware(DocumentBuilderFactory.java:639)
	at org.apache.hadoop.conf.Configuration.loadResource(Configuration.java:2032)
	at org.apache.hadoop.conf.Configuration.loadResources(Configuration.java:2001)
	at org.apache.hadoop.conf.Configuration.getProps(Configuration.java:1918)
	at org.apache.hadoop.conf.Configuration.get(Configuration.java:721)
	at org.apache.hadoop.conf.Configuration.getTrimmed(Configuration.java:740)
	at org.apache.hadoop.conf.Configuration.getLong(Configuration.java:965)
	at org.apache.hadoop.security.Groups.<init>(Groups.java:62)
	at org.apache.hadoop.security.Groups.getUserToGroupsMappingService(Groups.java:182)
	at org.apache.hadoop.security.UserGroupInformation.initialize(UserGroupInformation.java:235)
	at org.apache.hadoop.security.UserGroupInformation.ensureInitialized(UserGroupInformation.java:214)
	at org.apache.hadoop.security.UserGroupInformation.getLoginUser(UserGroupInformation.java:669)
	at org.apache.hadoop.security.UserGroupInformation.getCurrentUser(UserGroupInformation.java:571)
	at org.apache.spark.util.Utils$$anonfun$getCurrentUserName$1.apply(Utils.scala:2245)
	at org.apache.spark.util.Utils$$anonfun$getCurrentUserName$1.apply(Utils.scala:2245)
	at scala.Option.getOrElse(Option.scala:120)
	at org.apache.spark.util.Utils$.getCurrentUserName(Utils.scala:2245)
	at org.apache.spark.SparkContext.<init>(SparkContext.scala:297)
	at org.apache.spark.api.java.JavaSparkContext.<init>(JavaSparkContext.scala:58)
	at com.ga_hadoop.TrafficLightOptimization.main(TrafficLightOptimization.java:22)
[10.06.2024 11:59:33,460] [main] ERROR org.apache.hadoop.conf.Configuration  - Failed to set setXIncludeAware(true) for parser org.apache.xerces.jaxp.DocumentBuilderFactoryImpl@79dc5318:java.lang.UnsupportedOperationException:  setXIncludeAware is not supported on this JAXP implementation or earlier: class org.apache.xerces.jaxp.DocumentBuilderFactoryImpl
java.lang.UnsupportedOperationException:  setXIncludeAware is not supported on this JAXP implementation or earlier: class org.apache.xerces.jaxp.DocumentBuilderFactoryImpl
	at java.xml/javax.xml.parsers.DocumentBuilderFactory.setXIncludeAware(DocumentBuilderFactory.java:639)
	at org.apache.hadoop.conf.Configuration.loadResource(Configuration.java:2032)
	at org.apache.hadoop.conf.Configuration.loadResources(Configuration.java:2001)
	at org.apache.hadoop.conf.Configuration.getProps(Configuration.java:1918)
	at org.apache.hadoop.conf.Configuration.get(Configuration.java:721)
	at org.apache.hadoop.conf.Configuration.getTrimmed(Configuration.java:740)
	at org.apache.hadoop.conf.Configuration.getLong(Configuration.java:965)
	at org.apache.hadoop.security.Groups.<init>(Groups.java:62)
	at org.apache.hadoop.security.Groups.getUserToGroupsMappingService(Groups.java:182)
	at org.apache.hadoop.security.UserGroupInformation.initialize(UserGroupInformation.java:235)
	at org.apache.hadoop.security.UserGroupInformation.ensureInitialized(UserGroupInformation.java:214)
	at org.apache.hadoop.security.UserGroupInformation.getLoginUser(UserGroupInformation.java:669)
	at org.apache.hadoop.security.UserGroupInformation.getCurrentUser(UserGroupInformation.java:571)
	at org.apache.spark.util.Utils$$anonfun$getCurrentUserName$1.apply(Utils.scala:2245)
	at org.apache.spark.util.Utils$$anonfun$getCurrentUserName$1.apply(Utils.scala:2245)
	at scala.Option.getOrElse(Option.scala:120)
	at org.apache.spark.util.Utils$.getCurrentUserName(Utils.scala:2245)
	at org.apache.spark.SparkContext.<init>(SparkContext.scala:297)
	at org.apache.spark.api.java.JavaSparkContext.<init>(JavaSparkContext.scala:58)
	at com.ga_hadoop.TrafficLightOptimization.main(TrafficLightOptimization.java:22)
[10.06.2024 11:59:33,467] [main] ERROR org.apache.hadoop.conf.Configuration  - Failed to set setXIncludeAware(true) for parser org.apache.xerces.jaxp.DocumentBuilderFactoryImpl@73302995:java.lang.UnsupportedOperationException:  setXIncludeAware is not supported on this JAXP implementation or earlier: class org.apache.xerces.jaxp.DocumentBuilderFactoryImpl
java.lang.UnsupportedOperationException:  setXIncludeAware is not supported on this JAXP implementation or earlier: class org.apache.xerces.jaxp.DocumentBuilderFactoryImpl
	at java.xml/javax.xml.parsers.DocumentBuilderFactory.setXIncludeAware(DocumentBuilderFactory.java:639)
	at org.apache.hadoop.conf.Configuration.loadResource(Configuration.java:2032)
	at org.apache.hadoop.conf.Configuration.loadResources(Configuration.java:2001)
	at org.apache.hadoop.conf.Configuration.getProps(Configuration.java:1918)
	at org.apache.hadoop.conf.Configuration.get(Configuration.java:721)
	at org.apache.hadoop.conf.Configuration.getTrimmed(Configuration.java:740)
	at org.apache.hadoop.conf.Configuration.getLong(Configuration.java:965)
	at org.apache.hadoop.security.Groups.<init>(Groups.java:62)
	at org.apache.hadoop.security.Groups.getUserToGroupsMappingService(Groups.java:182)
	at org.apache.hadoop.security.UserGroupInformation.initialize(UserGroupInformation.java:235)
	at org.apache.hadoop.security.UserGroupInformation.ensureInitialized(UserGroupInformation.java:214)
	at org.apache.hadoop.security.UserGroupInformation.getLoginUser(UserGroupInformation.java:669)
	at org.apache.hadoop.security.UserGroupInformation.getCurrentUser(UserGroupInformation.java:571)
	at org.apache.spark.util.Utils$$anonfun$getCurrentUserName$1.apply(Utils.scala:2245)
	at org.apache.spark.util.Utils$$anonfun$getCurrentUserName$1.apply(Utils.scala:2245)
	at scala.Option.getOrElse(Option.scala:120)
	at org.apache.spark.util.Utils$.getCurrentUserName(Utils.scala:2245)
	at org.apache.spark.SparkContext.<init>(SparkContext.scala:297)
	at org.apache.spark.api.java.JavaSparkContext.<init>(JavaSparkContext.scala:58)
	at com.ga_hadoop.TrafficLightOptimization.main(TrafficLightOptimization.java:22)
[10.06.2024 11:59:33,488] [main] ERROR org.apache.hadoop.conf.Configuration  - Failed to set setXIncludeAware(true) for parser org.apache.xerces.jaxp.DocumentBuilderFactoryImpl@babafc2:java.lang.UnsupportedOperationException:  setXIncludeAware is not supported on this JAXP implementation or earlier: class org.apache.xerces.jaxp.DocumentBuilderFactoryImpl
java.lang.UnsupportedOperationException:  setXIncludeAware is not supported on this JAXP implementation or earlier: class org.apache.xerces.jaxp.DocumentBuilderFactoryImpl
	at java.xml/javax.xml.parsers.DocumentBuilderFactory.setXIncludeAware(DocumentBuilderFactory.java:639)
	at org.apache.hadoop.conf.Configuration.loadResource(Configuration.java:2032)
	at org.apache.hadoop.conf.Configuration.loadResources(Configuration.java:2001)
	at org.apache.hadoop.conf.Configuration.getProps(Configuration.java:1918)
	at org.apache.hadoop.conf.Configuration.get(Configuration.java:721)
	at org.apache.hadoop.conf.Configuration.getTrimmed(Configuration.java:740)
	at org.apache.hadoop.conf.Configuration.getLong(Configuration.java:965)
	at org.apache.hadoop.security.Groups.<init>(Groups.java:62)
	at org.apache.hadoop.security.Groups.getUserToGroupsMappingService(Groups.java:182)
	at org.apache.hadoop.security.UserGroupInformation.initialize(UserGroupInformation.java:235)
	at org.apache.hadoop.security.UserGroupInformation.ensureInitialized(UserGroupInformation.java:214)
	at org.apache.hadoop.security.UserGroupInformation.getLoginUser(UserGroupInformation.java:669)
	at org.apache.hadoop.security.UserGroupInformation.getCurrentUser(UserGroupInformation.java:571)
	at org.apache.spark.util.Utils$$anonfun$getCurrentUserName$1.apply(Utils.scala:2245)
	at org.apache.spark.util.Utils$$anonfun$getCurrentUserName$1.apply(Utils.scala:2245)
	at scala.Option.getOrElse(Option.scala:120)
	at org.apache.spark.util.Utils$.getCurrentUserName(Utils.scala:2245)
	at org.apache.spark.SparkContext.<init>(SparkContext.scala:297)
	at org.apache.spark.api.java.JavaSparkContext.<init>(JavaSparkContext.scala:58)
	at com.ga_hadoop.TrafficLightOptimization.main(TrafficLightOptimization.java:22)
[10.06.2024 11:59:33,497] [main] ERROR org.apache.hadoop.conf.Configuration  - Failed to set setXIncludeAware(true) for parser org.apache.xerces.jaxp.DocumentBuilderFactoryImpl@3f57bcad:java.lang.UnsupportedOperationException:  setXIncludeAware is not supported on this JAXP implementation or earlier: class org.apache.xerces.jaxp.DocumentBuilderFactoryImpl
java.lang.UnsupportedOperationException:  setXIncludeAware is not supported on this JAXP implementation or earlier: class org.apache.xerces.jaxp.DocumentBuilderFactoryImpl
	at java.xml/javax.xml.parsers.DocumentBuilderFactory.setXIncludeAware(DocumentBuilderFactory.java:639)
	at org.apache.hadoop.conf.Configuration.loadResource(Configuration.java:2032)
	at org.apache.hadoop.conf.Configuration.loadResources(Configuration.java:2001)
	at org.apache.hadoop.conf.Configuration.getProps(Configuration.java:1918)
	at org.apache.hadoop.conf.Configuration.get(Configuration.java:721)
	at org.apache.hadoop.conf.Configuration.getTrimmed(Configuration.java:740)
	at org.apache.hadoop.conf.Configuration.getLong(Configuration.java:965)
	at org.apache.hadoop.security.Groups.<init>(Groups.java:62)
	at org.apache.hadoop.security.Groups.getUserToGroupsMappingService(Groups.java:182)
	at org.apache.hadoop.security.UserGroupInformation.initialize(UserGroupInformation.java:235)
	at org.apache.hadoop.security.UserGroupInformation.ensureInitialized(UserGroupInformation.java:214)
	at org.apache.hadoop.security.UserGroupInformation.getLoginUser(UserGroupInformation.java:669)
	at org.apache.hadoop.security.UserGroupInformation.getCurrentUser(UserGroupInformation.java:571)
	at org.apache.spark.util.Utils$$anonfun$getCurrentUserName$1.apply(Utils.scala:2245)
	at org.apache.spark.util.Utils$$anonfun$getCurrentUserName$1.apply(Utils.scala:2245)
	at scala.Option.getOrElse(Option.scala:120)
	at org.apache.spark.util.Utils$.getCurrentUserName(Utils.scala:2245)
	at org.apache.spark.SparkContext.<init>(SparkContext.scala:297)
	at org.apache.spark.api.java.JavaSparkContext.<init>(JavaSparkContext.scala:58)
	at com.ga_hadoop.TrafficLightOptimization.main(TrafficLightOptimization.java:22)
[10.06.2024 11:59:33,514] [main] ERROR org.apache.hadoop.conf.Configuration  - Failed to set setXIncludeAware(true) for parser org.apache.xerces.jaxp.DocumentBuilderFactoryImpl@17d88132:java.lang.UnsupportedOperationException:  setXIncludeAware is not supported on this JAXP implementation or earlier: class org.apache.xerces.jaxp.DocumentBuilderFactoryImpl
java.lang.UnsupportedOperationException:  setXIncludeAware is not supported on this JAXP implementation or earlier: class org.apache.xerces.jaxp.DocumentBuilderFactoryImpl
	at java.xml/javax.xml.parsers.DocumentBuilderFactory.setXIncludeAware(DocumentBuilderFactory.java:639)
	at org.apache.hadoop.conf.Configuration.loadResource(Configuration.java:2032)
	at org.apache.hadoop.conf.Configuration.loadResources(Configuration.java:2001)
	at org.apache.hadoop.conf.Configuration.getProps(Configuration.java:1918)
	at org.apache.hadoop.conf.Configuration.get(Configuration.java:721)
	at org.apache.hadoop.conf.Configuration.getTrimmed(Configuration.java:740)
	at org.apache.hadoop.conf.Configuration.getLong(Configuration.java:965)
	at org.apache.hadoop.security.Groups.<init>(Groups.java:62)
	at org.apache.hadoop.security.Groups.getUserToGroupsMappingService(Groups.java:182)
	at org.apache.hadoop.security.UserGroupInformation.initialize(UserGroupInformation.java:235)
	at org.apache.hadoop.security.UserGroupInformation.ensureInitialized(UserGroupInformation.java:214)
	at org.apache.hadoop.security.UserGroupInformation.getLoginUser(UserGroupInformation.java:669)
	at org.apache.hadoop.security.UserGroupInformation.getCurrentUser(UserGroupInformation.java:571)
	at org.apache.spark.util.Utils$$anonfun$getCurrentUserName$1.apply(Utils.scala:2245)
	at org.apache.spark.util.Utils$$anonfun$getCurrentUserName$1.apply(Utils.scala:2245)
	at scala.Option.getOrElse(Option.scala:120)
	at org.apache.spark.util.Utils$.getCurrentUserName(Utils.scala:2245)
	at org.apache.spark.SparkContext.<init>(SparkContext.scala:297)
	at org.apache.spark.api.java.JavaSparkContext.<init>(JavaSparkContext.scala:58)
	at com.ga_hadoop.TrafficLightOptimization.main(TrafficLightOptimization.java:22)
[10.06.2024 11:59:33,555] [main] ERROR org.apache.spark.SparkContext  - Error initializing SparkContext.
org.apache.spark.SparkException: A master URL must be set in your configuration
	at org.apache.spark.SparkContext.<init>(SparkContext.scala:371)
	at org.apache.spark.api.java.JavaSparkContext.<init>(JavaSparkContext.scala:58)
	at com.ga_hadoop.TrafficLightOptimization.main(TrafficLightOptimization.java:22)
[10.06.2024 11:59:33,561] [main] INFO  org.apache.spark.SparkContext  - Successfully stopped SparkContext
[10.06.2024 12:15:33,874] [main] INFO  org.apache.spark.SparkContext  - Running Spark version 2.0.0
[10.06.2024 12:15:34,069] [main] ERROR org.apache.hadoop.conf.Configuration  - Failed to set setXIncludeAware(true) for parser org.apache.xerces.jaxp.DocumentBuilderFactoryImpl@28261e8e:java.lang.UnsupportedOperationException:  setXIncludeAware is not supported on this JAXP implementation or earlier: class org.apache.xerces.jaxp.DocumentBuilderFactoryImpl
java.lang.UnsupportedOperationException:  setXIncludeAware is not supported on this JAXP implementation or earlier: class org.apache.xerces.jaxp.DocumentBuilderFactoryImpl
	at java.xml/javax.xml.parsers.DocumentBuilderFactory.setXIncludeAware(DocumentBuilderFactory.java:639)
	at org.apache.hadoop.conf.Configuration.loadResource(Configuration.java:2032)
	at org.apache.hadoop.conf.Configuration.loadResources(Configuration.java:2001)
	at org.apache.hadoop.conf.Configuration.getProps(Configuration.java:1918)
	at org.apache.hadoop.conf.Configuration.get(Configuration.java:721)
	at org.apache.hadoop.conf.Configuration.getTrimmed(Configuration.java:740)
	at org.apache.hadoop.conf.Configuration.getBoolean(Configuration.java:1093)
	at org.apache.hadoop.security.SecurityUtil.<clinit>(SecurityUtil.java:80)
	at org.apache.hadoop.security.UserGroupInformation.initialize(UserGroupInformation.java:224)
	at org.apache.hadoop.security.UserGroupInformation.ensureInitialized(UserGroupInformation.java:214)
	at org.apache.hadoop.security.UserGroupInformation.getLoginUser(UserGroupInformation.java:669)
	at org.apache.hadoop.security.UserGroupInformation.getCurrentUser(UserGroupInformation.java:571)
	at org.apache.spark.util.Utils$$anonfun$getCurrentUserName$1.apply(Utils.scala:2245)
	at org.apache.spark.util.Utils$$anonfun$getCurrentUserName$1.apply(Utils.scala:2245)
	at scala.Option.getOrElse(Option.scala:120)
	at org.apache.spark.util.Utils$.getCurrentUserName(Utils.scala:2245)
	at org.apache.spark.SparkContext.<init>(SparkContext.scala:297)
	at org.apache.spark.api.java.JavaSparkContext.<init>(JavaSparkContext.scala:58)
	at com.ga_hadoop.TrafficLightOptimization.main(TrafficLightOptimization.java:22)
[10.06.2024 12:15:34,225] [main] ERROR org.apache.hadoop.conf.Configuration  - Failed to set setXIncludeAware(true) for parser org.apache.xerces.jaxp.DocumentBuilderFactoryImpl@135606db:java.lang.UnsupportedOperationException:  setXIncludeAware is not supported on this JAXP implementation or earlier: class org.apache.xerces.jaxp.DocumentBuilderFactoryImpl
java.lang.UnsupportedOperationException:  setXIncludeAware is not supported on this JAXP implementation or earlier: class org.apache.xerces.jaxp.DocumentBuilderFactoryImpl
	at java.xml/javax.xml.parsers.DocumentBuilderFactory.setXIncludeAware(DocumentBuilderFactory.java:639)
	at org.apache.hadoop.conf.Configuration.loadResource(Configuration.java:2032)
	at org.apache.hadoop.conf.Configuration.loadResources(Configuration.java:2001)
	at org.apache.hadoop.conf.Configuration.getProps(Configuration.java:1918)
	at org.apache.hadoop.conf.Configuration.get(Configuration.java:721)
	at org.apache.hadoop.conf.Configuration.getTrimmed(Configuration.java:740)
	at org.apache.hadoop.conf.Configuration.getBoolean(Configuration.java:1093)
	at org.apache.hadoop.security.SecurityUtil.<clinit>(SecurityUtil.java:80)
	at org.apache.hadoop.security.UserGroupInformation.initialize(UserGroupInformation.java:224)
	at org.apache.hadoop.security.UserGroupInformation.ensureInitialized(UserGroupInformation.java:214)
	at org.apache.hadoop.security.UserGroupInformation.getLoginUser(UserGroupInformation.java:669)
	at org.apache.hadoop.security.UserGroupInformation.getCurrentUser(UserGroupInformation.java:571)
	at org.apache.spark.util.Utils$$anonfun$getCurrentUserName$1.apply(Utils.scala:2245)
	at org.apache.spark.util.Utils$$anonfun$getCurrentUserName$1.apply(Utils.scala:2245)
	at scala.Option.getOrElse(Option.scala:120)
	at org.apache.spark.util.Utils$.getCurrentUserName(Utils.scala:2245)
	at org.apache.spark.SparkContext.<init>(SparkContext.scala:297)
	at org.apache.spark.api.java.JavaSparkContext.<init>(JavaSparkContext.scala:58)
	at com.ga_hadoop.TrafficLightOptimization.main(TrafficLightOptimization.java:22)
[10.06.2024 12:15:34,230] [main] ERROR org.apache.hadoop.conf.Configuration  - Failed to set setXIncludeAware(true) for parser org.apache.xerces.jaxp.DocumentBuilderFactoryImpl@1b8a29df:java.lang.UnsupportedOperationException:  setXIncludeAware is not supported on this JAXP implementation or earlier: class org.apache.xerces.jaxp.DocumentBuilderFactoryImpl
java.lang.UnsupportedOperationException:  setXIncludeAware is not supported on this JAXP implementation or earlier: class org.apache.xerces.jaxp.DocumentBuilderFactoryImpl
	at java.xml/javax.xml.parsers.DocumentBuilderFactory.setXIncludeAware(DocumentBuilderFactory.java:639)
	at org.apache.hadoop.conf.Configuration.loadResource(Configuration.java:2032)
	at org.apache.hadoop.conf.Configuration.loadResources(Configuration.java:2001)
	at org.apache.hadoop.conf.Configuration.getProps(Configuration.java:1918)
	at org.apache.hadoop.conf.Configuration.get(Configuration.java:721)
	at org.apache.hadoop.conf.Configuration.getTrimmed(Configuration.java:740)
	at org.apache.hadoop.conf.Configuration.getBoolean(Configuration.java:1093)
	at org.apache.hadoop.http.HttpConfig.<clinit>(HttpConfig.java:47)
	at org.apache.hadoop.security.SecurityUtil.<clinit>(SecurityUtil.java:84)
	at org.apache.hadoop.security.UserGroupInformation.initialize(UserGroupInformation.java:224)
	at org.apache.hadoop.security.UserGroupInformation.ensureInitialized(UserGroupInformation.java:214)
	at org.apache.hadoop.security.UserGroupInformation.getLoginUser(UserGroupInformation.java:669)
	at org.apache.hadoop.security.UserGroupInformation.getCurrentUser(UserGroupInformation.java:571)
	at org.apache.spark.util.Utils$$anonfun$getCurrentUserName$1.apply(Utils.scala:2245)
	at org.apache.spark.util.Utils$$anonfun$getCurrentUserName$1.apply(Utils.scala:2245)
	at scala.Option.getOrElse(Option.scala:120)
	at org.apache.spark.util.Utils$.getCurrentUserName(Utils.scala:2245)
	at org.apache.spark.SparkContext.<init>(SparkContext.scala:297)
	at org.apache.spark.api.java.JavaSparkContext.<init>(JavaSparkContext.scala:58)
	at com.ga_hadoop.TrafficLightOptimization.main(TrafficLightOptimization.java:22)
[10.06.2024 12:15:34,244] [main] ERROR org.apache.hadoop.conf.Configuration  - Failed to set setXIncludeAware(true) for parser org.apache.xerces.jaxp.DocumentBuilderFactoryImpl@125290e5:java.lang.UnsupportedOperationException:  setXIncludeAware is not supported on this JAXP implementation or earlier: class org.apache.xerces.jaxp.DocumentBuilderFactoryImpl
java.lang.UnsupportedOperationException:  setXIncludeAware is not supported on this JAXP implementation or earlier: class org.apache.xerces.jaxp.DocumentBuilderFactoryImpl
	at java.xml/javax.xml.parsers.DocumentBuilderFactory.setXIncludeAware(DocumentBuilderFactory.java:639)
	at org.apache.hadoop.conf.Configuration.loadResource(Configuration.java:2032)
	at org.apache.hadoop.conf.Configuration.loadResources(Configuration.java:2001)
	at org.apache.hadoop.conf.Configuration.getProps(Configuration.java:1918)
	at org.apache.hadoop.conf.Configuration.get(Configuration.java:721)
	at org.apache.hadoop.conf.Configuration.getTrimmed(Configuration.java:740)
	at org.apache.hadoop.conf.Configuration.getBoolean(Configuration.java:1093)
	at org.apache.hadoop.http.HttpConfig.<clinit>(HttpConfig.java:47)
	at org.apache.hadoop.security.SecurityUtil.<clinit>(SecurityUtil.java:84)
	at org.apache.hadoop.security.UserGroupInformation.initialize(UserGroupInformation.java:224)
	at org.apache.hadoop.security.UserGroupInformation.ensureInitialized(UserGroupInformation.java:214)
	at org.apache.hadoop.security.UserGroupInformation.getLoginUser(UserGroupInformation.java:669)
	at org.apache.hadoop.security.UserGroupInformation.getCurrentUser(UserGroupInformation.java:571)
	at org.apache.spark.util.Utils$$anonfun$getCurrentUserName$1.apply(Utils.scala:2245)
	at org.apache.spark.util.Utils$$anonfun$getCurrentUserName$1.apply(Utils.scala:2245)
	at scala.Option.getOrElse(Option.scala:120)
	at org.apache.spark.util.Utils$.getCurrentUserName(Utils.scala:2245)
	at org.apache.spark.SparkContext.<init>(SparkContext.scala:297)
	at org.apache.spark.api.java.JavaSparkContext.<init>(JavaSparkContext.scala:58)
	at com.ga_hadoop.TrafficLightOptimization.main(TrafficLightOptimization.java:22)
[10.06.2024 12:15:34,254] [main] ERROR org.apache.hadoop.conf.Configuration  - Failed to set setXIncludeAware(true) for parser org.apache.xerces.jaxp.DocumentBuilderFactoryImpl@55cf0d14:java.lang.UnsupportedOperationException:  setXIncludeAware is not supported on this JAXP implementation or earlier: class org.apache.xerces.jaxp.DocumentBuilderFactoryImpl
java.lang.UnsupportedOperationException:  setXIncludeAware is not supported on this JAXP implementation or earlier: class org.apache.xerces.jaxp.DocumentBuilderFactoryImpl
	at java.xml/javax.xml.parsers.DocumentBuilderFactory.setXIncludeAware(DocumentBuilderFactory.java:639)
	at org.apache.hadoop.conf.Configuration.loadResource(Configuration.java:2032)
	at org.apache.hadoop.conf.Configuration.loadResources(Configuration.java:2001)
	at org.apache.hadoop.conf.Configuration.getProps(Configuration.java:1918)
	at org.apache.hadoop.conf.Configuration.get(Configuration.java:893)
	at org.apache.hadoop.security.SecurityUtil.getAuthenticationMethod(SecurityUtil.java:673)
	at org.apache.hadoop.security.UserGroupInformation.initialize(UserGroupInformation.java:224)
	at org.apache.hadoop.security.UserGroupInformation.ensureInitialized(UserGroupInformation.java:214)
	at org.apache.hadoop.security.UserGroupInformation.getLoginUser(UserGroupInformation.java:669)
	at org.apache.hadoop.security.UserGroupInformation.getCurrentUser(UserGroupInformation.java:571)
	at org.apache.spark.util.Utils$$anonfun$getCurrentUserName$1.apply(Utils.scala:2245)
	at org.apache.spark.util.Utils$$anonfun$getCurrentUserName$1.apply(Utils.scala:2245)
	at scala.Option.getOrElse(Option.scala:120)
	at org.apache.spark.util.Utils$.getCurrentUserName(Utils.scala:2245)
	at org.apache.spark.SparkContext.<init>(SparkContext.scala:297)
	at org.apache.spark.api.java.JavaSparkContext.<init>(JavaSparkContext.scala:58)
	at com.ga_hadoop.TrafficLightOptimization.main(TrafficLightOptimization.java:22)
[10.06.2024 12:15:34,271] [main] ERROR org.apache.hadoop.conf.Configuration  - Failed to set setXIncludeAware(true) for parser org.apache.xerces.jaxp.DocumentBuilderFactoryImpl@7d3d101b:java.lang.UnsupportedOperationException:  setXIncludeAware is not supported on this JAXP implementation or earlier: class org.apache.xerces.jaxp.DocumentBuilderFactoryImpl
java.lang.UnsupportedOperationException:  setXIncludeAware is not supported on this JAXP implementation or earlier: class org.apache.xerces.jaxp.DocumentBuilderFactoryImpl
	at java.xml/javax.xml.parsers.DocumentBuilderFactory.setXIncludeAware(DocumentBuilderFactory.java:639)
	at org.apache.hadoop.conf.Configuration.loadResource(Configuration.java:2032)
	at org.apache.hadoop.conf.Configuration.loadResources(Configuration.java:2001)
	at org.apache.hadoop.conf.Configuration.getProps(Configuration.java:1918)
	at org.apache.hadoop.conf.Configuration.get(Configuration.java:893)
	at org.apache.hadoop.security.SecurityUtil.getAuthenticationMethod(SecurityUtil.java:673)
	at org.apache.hadoop.security.UserGroupInformation.initialize(UserGroupInformation.java:224)
	at org.apache.hadoop.security.UserGroupInformation.ensureInitialized(UserGroupInformation.java:214)
	at org.apache.hadoop.security.UserGroupInformation.getLoginUser(UserGroupInformation.java:669)
	at org.apache.hadoop.security.UserGroupInformation.getCurrentUser(UserGroupInformation.java:571)
	at org.apache.spark.util.Utils$$anonfun$getCurrentUserName$1.apply(Utils.scala:2245)
	at org.apache.spark.util.Utils$$anonfun$getCurrentUserName$1.apply(Utils.scala:2245)
	at scala.Option.getOrElse(Option.scala:120)
	at org.apache.spark.util.Utils$.getCurrentUserName(Utils.scala:2245)
	at org.apache.spark.SparkContext.<init>(SparkContext.scala:297)
	at org.apache.spark.api.java.JavaSparkContext.<init>(JavaSparkContext.scala:58)
	at com.ga_hadoop.TrafficLightOptimization.main(TrafficLightOptimization.java:22)
[10.06.2024 12:15:34,291] [main] WARN  org.apache.hadoop.util.NativeCodeLoader  - Unable to load native-hadoop library for your platform... using builtin-java classes where applicable
[10.06.2024 12:15:34,312] [main] ERROR org.apache.hadoop.conf.Configuration  - Failed to set setXIncludeAware(true) for parser org.apache.xerces.jaxp.DocumentBuilderFactoryImpl@20c0a64d:java.lang.UnsupportedOperationException:  setXIncludeAware is not supported on this JAXP implementation or earlier: class org.apache.xerces.jaxp.DocumentBuilderFactoryImpl
java.lang.UnsupportedOperationException:  setXIncludeAware is not supported on this JAXP implementation or earlier: class org.apache.xerces.jaxp.DocumentBuilderFactoryImpl
	at java.xml/javax.xml.parsers.DocumentBuilderFactory.setXIncludeAware(DocumentBuilderFactory.java:639)
	at org.apache.hadoop.conf.Configuration.loadResource(Configuration.java:2032)
	at org.apache.hadoop.conf.Configuration.loadResources(Configuration.java:2001)
	at org.apache.hadoop.conf.Configuration.getProps(Configuration.java:1918)
	at org.apache.hadoop.conf.Configuration.get(Configuration.java:721)
	at org.apache.hadoop.conf.Configuration.getTrimmed(Configuration.java:740)
	at org.apache.hadoop.conf.Configuration.getLong(Configuration.java:965)
	at org.apache.hadoop.security.Groups.<init>(Groups.java:62)
	at org.apache.hadoop.security.Groups.getUserToGroupsMappingService(Groups.java:182)
	at org.apache.hadoop.security.UserGroupInformation.initialize(UserGroupInformation.java:235)
	at org.apache.hadoop.security.UserGroupInformation.ensureInitialized(UserGroupInformation.java:214)
	at org.apache.hadoop.security.UserGroupInformation.getLoginUser(UserGroupInformation.java:669)
	at org.apache.hadoop.security.UserGroupInformation.getCurrentUser(UserGroupInformation.java:571)
	at org.apache.spark.util.Utils$$anonfun$getCurrentUserName$1.apply(Utils.scala:2245)
	at org.apache.spark.util.Utils$$anonfun$getCurrentUserName$1.apply(Utils.scala:2245)
	at scala.Option.getOrElse(Option.scala:120)
	at org.apache.spark.util.Utils$.getCurrentUserName(Utils.scala:2245)
	at org.apache.spark.SparkContext.<init>(SparkContext.scala:297)
	at org.apache.spark.api.java.JavaSparkContext.<init>(JavaSparkContext.scala:58)
	at com.ga_hadoop.TrafficLightOptimization.main(TrafficLightOptimization.java:22)
[10.06.2024 12:15:34,327] [main] ERROR org.apache.hadoop.conf.Configuration  - Failed to set setXIncludeAware(true) for parser org.apache.xerces.jaxp.DocumentBuilderFactoryImpl@79dc5318:java.lang.UnsupportedOperationException:  setXIncludeAware is not supported on this JAXP implementation or earlier: class org.apache.xerces.jaxp.DocumentBuilderFactoryImpl
java.lang.UnsupportedOperationException:  setXIncludeAware is not supported on this JAXP implementation or earlier: class org.apache.xerces.jaxp.DocumentBuilderFactoryImpl
	at java.xml/javax.xml.parsers.DocumentBuilderFactory.setXIncludeAware(DocumentBuilderFactory.java:639)
	at org.apache.hadoop.conf.Configuration.loadResource(Configuration.java:2032)
	at org.apache.hadoop.conf.Configuration.loadResources(Configuration.java:2001)
	at org.apache.hadoop.conf.Configuration.getProps(Configuration.java:1918)
	at org.apache.hadoop.conf.Configuration.get(Configuration.java:721)
	at org.apache.hadoop.conf.Configuration.getTrimmed(Configuration.java:740)
	at org.apache.hadoop.conf.Configuration.getLong(Configuration.java:965)
	at org.apache.hadoop.security.Groups.<init>(Groups.java:62)
	at org.apache.hadoop.security.Groups.getUserToGroupsMappingService(Groups.java:182)
	at org.apache.hadoop.security.UserGroupInformation.initialize(UserGroupInformation.java:235)
	at org.apache.hadoop.security.UserGroupInformation.ensureInitialized(UserGroupInformation.java:214)
	at org.apache.hadoop.security.UserGroupInformation.getLoginUser(UserGroupInformation.java:669)
	at org.apache.hadoop.security.UserGroupInformation.getCurrentUser(UserGroupInformation.java:571)
	at org.apache.spark.util.Utils$$anonfun$getCurrentUserName$1.apply(Utils.scala:2245)
	at org.apache.spark.util.Utils$$anonfun$getCurrentUserName$1.apply(Utils.scala:2245)
	at scala.Option.getOrElse(Option.scala:120)
	at org.apache.spark.util.Utils$.getCurrentUserName(Utils.scala:2245)
	at org.apache.spark.SparkContext.<init>(SparkContext.scala:297)
	at org.apache.spark.api.java.JavaSparkContext.<init>(JavaSparkContext.scala:58)
	at com.ga_hadoop.TrafficLightOptimization.main(TrafficLightOptimization.java:22)
[10.06.2024 12:15:34,338] [main] ERROR org.apache.hadoop.conf.Configuration  - Failed to set setXIncludeAware(true) for parser org.apache.xerces.jaxp.DocumentBuilderFactoryImpl@73302995:java.lang.UnsupportedOperationException:  setXIncludeAware is not supported on this JAXP implementation or earlier: class org.apache.xerces.jaxp.DocumentBuilderFactoryImpl
java.lang.UnsupportedOperationException:  setXIncludeAware is not supported on this JAXP implementation or earlier: class org.apache.xerces.jaxp.DocumentBuilderFactoryImpl
	at java.xml/javax.xml.parsers.DocumentBuilderFactory.setXIncludeAware(DocumentBuilderFactory.java:639)
	at org.apache.hadoop.conf.Configuration.loadResource(Configuration.java:2032)
	at org.apache.hadoop.conf.Configuration.loadResources(Configuration.java:2001)
	at org.apache.hadoop.conf.Configuration.getProps(Configuration.java:1918)
	at org.apache.hadoop.conf.Configuration.get(Configuration.java:721)
	at org.apache.hadoop.conf.Configuration.getTrimmed(Configuration.java:740)
	at org.apache.hadoop.conf.Configuration.getLong(Configuration.java:965)
	at org.apache.hadoop.security.Groups.<init>(Groups.java:62)
	at org.apache.hadoop.security.Groups.getUserToGroupsMappingService(Groups.java:182)
	at org.apache.hadoop.security.UserGroupInformation.initialize(UserGroupInformation.java:235)
	at org.apache.hadoop.security.UserGroupInformation.ensureInitialized(UserGroupInformation.java:214)
	at org.apache.hadoop.security.UserGroupInformation.getLoginUser(UserGroupInformation.java:669)
	at org.apache.hadoop.security.UserGroupInformation.getCurrentUser(UserGroupInformation.java:571)
	at org.apache.spark.util.Utils$$anonfun$getCurrentUserName$1.apply(Utils.scala:2245)
	at org.apache.spark.util.Utils$$anonfun$getCurrentUserName$1.apply(Utils.scala:2245)
	at scala.Option.getOrElse(Option.scala:120)
	at org.apache.spark.util.Utils$.getCurrentUserName(Utils.scala:2245)
	at org.apache.spark.SparkContext.<init>(SparkContext.scala:297)
	at org.apache.spark.api.java.JavaSparkContext.<init>(JavaSparkContext.scala:58)
	at com.ga_hadoop.TrafficLightOptimization.main(TrafficLightOptimization.java:22)
[10.06.2024 12:15:34,359] [main] ERROR org.apache.hadoop.conf.Configuration  - Failed to set setXIncludeAware(true) for parser org.apache.xerces.jaxp.DocumentBuilderFactoryImpl@babafc2:java.lang.UnsupportedOperationException:  setXIncludeAware is not supported on this JAXP implementation or earlier: class org.apache.xerces.jaxp.DocumentBuilderFactoryImpl
java.lang.UnsupportedOperationException:  setXIncludeAware is not supported on this JAXP implementation or earlier: class org.apache.xerces.jaxp.DocumentBuilderFactoryImpl
	at java.xml/javax.xml.parsers.DocumentBuilderFactory.setXIncludeAware(DocumentBuilderFactory.java:639)
	at org.apache.hadoop.conf.Configuration.loadResource(Configuration.java:2032)
	at org.apache.hadoop.conf.Configuration.loadResources(Configuration.java:2001)
	at org.apache.hadoop.conf.Configuration.getProps(Configuration.java:1918)
	at org.apache.hadoop.conf.Configuration.get(Configuration.java:721)
	at org.apache.hadoop.conf.Configuration.getTrimmed(Configuration.java:740)
	at org.apache.hadoop.conf.Configuration.getLong(Configuration.java:965)
	at org.apache.hadoop.security.Groups.<init>(Groups.java:62)
	at org.apache.hadoop.security.Groups.getUserToGroupsMappingService(Groups.java:182)
	at org.apache.hadoop.security.UserGroupInformation.initialize(UserGroupInformation.java:235)
	at org.apache.hadoop.security.UserGroupInformation.ensureInitialized(UserGroupInformation.java:214)
	at org.apache.hadoop.security.UserGroupInformation.getLoginUser(UserGroupInformation.java:669)
	at org.apache.hadoop.security.UserGroupInformation.getCurrentUser(UserGroupInformation.java:571)
	at org.apache.spark.util.Utils$$anonfun$getCurrentUserName$1.apply(Utils.scala:2245)
	at org.apache.spark.util.Utils$$anonfun$getCurrentUserName$1.apply(Utils.scala:2245)
	at scala.Option.getOrElse(Option.scala:120)
	at org.apache.spark.util.Utils$.getCurrentUserName(Utils.scala:2245)
	at org.apache.spark.SparkContext.<init>(SparkContext.scala:297)
	at org.apache.spark.api.java.JavaSparkContext.<init>(JavaSparkContext.scala:58)
	at com.ga_hadoop.TrafficLightOptimization.main(TrafficLightOptimization.java:22)
[10.06.2024 12:15:34,365] [main] ERROR org.apache.hadoop.conf.Configuration  - Failed to set setXIncludeAware(true) for parser org.apache.xerces.jaxp.DocumentBuilderFactoryImpl@3f57bcad:java.lang.UnsupportedOperationException:  setXIncludeAware is not supported on this JAXP implementation or earlier: class org.apache.xerces.jaxp.DocumentBuilderFactoryImpl
java.lang.UnsupportedOperationException:  setXIncludeAware is not supported on this JAXP implementation or earlier: class org.apache.xerces.jaxp.DocumentBuilderFactoryImpl
	at java.xml/javax.xml.parsers.DocumentBuilderFactory.setXIncludeAware(DocumentBuilderFactory.java:639)
	at org.apache.hadoop.conf.Configuration.loadResource(Configuration.java:2032)
	at org.apache.hadoop.conf.Configuration.loadResources(Configuration.java:2001)
	at org.apache.hadoop.conf.Configuration.getProps(Configuration.java:1918)
	at org.apache.hadoop.conf.Configuration.get(Configuration.java:721)
	at org.apache.hadoop.conf.Configuration.getTrimmed(Configuration.java:740)
	at org.apache.hadoop.conf.Configuration.getLong(Configuration.java:965)
	at org.apache.hadoop.security.Groups.<init>(Groups.java:62)
	at org.apache.hadoop.security.Groups.getUserToGroupsMappingService(Groups.java:182)
	at org.apache.hadoop.security.UserGroupInformation.initialize(UserGroupInformation.java:235)
	at org.apache.hadoop.security.UserGroupInformation.ensureInitialized(UserGroupInformation.java:214)
	at org.apache.hadoop.security.UserGroupInformation.getLoginUser(UserGroupInformation.java:669)
	at org.apache.hadoop.security.UserGroupInformation.getCurrentUser(UserGroupInformation.java:571)
	at org.apache.spark.util.Utils$$anonfun$getCurrentUserName$1.apply(Utils.scala:2245)
	at org.apache.spark.util.Utils$$anonfun$getCurrentUserName$1.apply(Utils.scala:2245)
	at scala.Option.getOrElse(Option.scala:120)
	at org.apache.spark.util.Utils$.getCurrentUserName(Utils.scala:2245)
	at org.apache.spark.SparkContext.<init>(SparkContext.scala:297)
	at org.apache.spark.api.java.JavaSparkContext.<init>(JavaSparkContext.scala:58)
	at com.ga_hadoop.TrafficLightOptimization.main(TrafficLightOptimization.java:22)
[10.06.2024 12:15:34,379] [main] ERROR org.apache.hadoop.conf.Configuration  - Failed to set setXIncludeAware(true) for parser org.apache.xerces.jaxp.DocumentBuilderFactoryImpl@17d88132:java.lang.UnsupportedOperationException:  setXIncludeAware is not supported on this JAXP implementation or earlier: class org.apache.xerces.jaxp.DocumentBuilderFactoryImpl
java.lang.UnsupportedOperationException:  setXIncludeAware is not supported on this JAXP implementation or earlier: class org.apache.xerces.jaxp.DocumentBuilderFactoryImpl
	at java.xml/javax.xml.parsers.DocumentBuilderFactory.setXIncludeAware(DocumentBuilderFactory.java:639)
	at org.apache.hadoop.conf.Configuration.loadResource(Configuration.java:2032)
	at org.apache.hadoop.conf.Configuration.loadResources(Configuration.java:2001)
	at org.apache.hadoop.conf.Configuration.getProps(Configuration.java:1918)
	at org.apache.hadoop.conf.Configuration.get(Configuration.java:721)
	at org.apache.hadoop.conf.Configuration.getTrimmed(Configuration.java:740)
	at org.apache.hadoop.conf.Configuration.getLong(Configuration.java:965)
	at org.apache.hadoop.security.Groups.<init>(Groups.java:62)
	at org.apache.hadoop.security.Groups.getUserToGroupsMappingService(Groups.java:182)
	at org.apache.hadoop.security.UserGroupInformation.initialize(UserGroupInformation.java:235)
	at org.apache.hadoop.security.UserGroupInformation.ensureInitialized(UserGroupInformation.java:214)
	at org.apache.hadoop.security.UserGroupInformation.getLoginUser(UserGroupInformation.java:669)
	at org.apache.hadoop.security.UserGroupInformation.getCurrentUser(UserGroupInformation.java:571)
	at org.apache.spark.util.Utils$$anonfun$getCurrentUserName$1.apply(Utils.scala:2245)
	at org.apache.spark.util.Utils$$anonfun$getCurrentUserName$1.apply(Utils.scala:2245)
	at scala.Option.getOrElse(Option.scala:120)
	at org.apache.spark.util.Utils$.getCurrentUserName(Utils.scala:2245)
	at org.apache.spark.SparkContext.<init>(SparkContext.scala:297)
	at org.apache.spark.api.java.JavaSparkContext.<init>(JavaSparkContext.scala:58)
	at com.ga_hadoop.TrafficLightOptimization.main(TrafficLightOptimization.java:22)
[10.06.2024 12:15:34,424] [main] ERROR org.apache.spark.SparkContext  - Error initializing SparkContext.
org.apache.spark.SparkException: A master URL must be set in your configuration
	at org.apache.spark.SparkContext.<init>(SparkContext.scala:371)
	at org.apache.spark.api.java.JavaSparkContext.<init>(JavaSparkContext.scala:58)
	at com.ga_hadoop.TrafficLightOptimization.main(TrafficLightOptimization.java:22)
[10.06.2024 12:15:34,431] [main] INFO  org.apache.spark.SparkContext  - Successfully stopped SparkContext
